<?xml version="1.0" encoding="UTF-8"?>
<!-- Generated by org.testng.reporters.JUnitReportReporter -->
<testsuite skipped="0" hostname="admin" name="Practice_Package.RunConfig" tests="1" failures="0" timestamp="2023-01-19T10:39:11 IST" time="0.056" errors="0">
  <testcase name="ConfigTest" time="0.056" classname="Practice_Package.RunConfig"/>
  <system-out/>
</testsuite> <!-- Practice_Package.RunConfig -->
