<?xml version="1.0" encoding="UTF-8"?>
<!-- Generated by org.testng.reporters.JUnitReportReporter -->
<testsuite skipped="0" hostname="admin" name="Practice_Package.CraeteCustomer_Test" tests="2" failures="0" timestamp="2023-01-18T14:27:34 IST" time="0.010" errors="0">
  <testcase name="Customer_Test" time="0.010" classname="Practice_Package.CraeteCustomer_Test"/>
  <system-out>
    <![CDATA[createcustomer]]>
  </system-out>
  <testcase name="Customer2_Test" time="0.000" classname="Practice_Package.CraeteCustomer_Test"/>
  <system-out>
    <![CDATA[createcustomer2]]>
  </system-out>
</testsuite> <!-- Practice_Package.CraeteCustomer_Test -->
