<?xml version="1.0" encoding="UTF-8"?>
<!-- Generated by org.testng.reporters.JUnitReportReporter -->
<testsuite skipped="0" hostname="admin" name="Practice_Package.updateCustomer_Test" tests="1" failures="0" timestamp="2023-01-18T14:27:34 IST" time="0.017" errors="0">
  <testcase name="updateCustomer1" time="0.017" classname="Practice_Package.updateCustomer_Test"/>
  <system-out>
    <![CDATA[customer2]]>
  </system-out>
</testsuite> <!-- Practice_Package.updateCustomer_Test -->
